<?xml version="1.0" encoding="UTF-8" ?>
<testsuite errors="0" failures="0" hostname="minmus" name="org.usfirst.frc.team2733.robot.testing.AdditionTest" skipped="0" tests="2" time="0.03" timestamp="2017-02-09T07:09:31">
  <properties>
[...]
</properties>
  <testcase classname="org.usfirst.frc.team2733.robot.testing.AdditionTest" name="exampleTest" time="0.001" />
  <testcase classname="org.usfirst.frc.team2733.robot.testing.AdditionTest" name="robotMapTest" time="0.0" />
  <system-out><![CDATA[]]></system-out>
  <system-err><![CDATA[]]></system-err>
</testsuite>
